<?xml version="1.0" encoding="UTF-8"?>
<testng-results skipped="0" failed="0" ignored="0" total="0" passed="0">
  <reporter-output>
  </reporter-output>
  <suite name="BaseTest" duration-ms="5" started-at="2018-11-27T17:52:11Z" finished-at="2018-11-27T17:52:11Z">
    <groups>
    </groups>
    <test name="Command line test" duration-ms="5" started-at="2018-11-27T17:52:11Z" finished-at="2018-11-27T17:52:11Z">
      <class name="BaseTest">
        <test-method status="PASS" signature="initializeTestBaseSetup()[pri:0, instance:BaseTest@174d20a]" name="initializeTestBaseSetup" is-config="true" duration-ms="3012" started-at="2018-11-27T17:52:08Z" finished-at="2018-11-27T17:52:11Z">
          <reporter-output>
          </reporter-output>
        </test-method> <!-- initializeTestBaseSetup -->
        <test-method status="PASS" signature="AfterSuite()[pri:0, instance:BaseTest@174d20a]" name="AfterSuite" is-config="true" duration-ms="1119" started-at="2018-11-27T17:52:11Z" finished-at="2018-11-27T17:52:12Z">
          <reporter-output>
          </reporter-output>
        </test-method> <!-- AfterSuite -->
      </class> <!-- BaseTest -->
    </test> <!-- Command line test -->
  </suite> <!-- BaseTest -->
</testng-results>
